Arguments: 
  /home/ideajeng/.nvm/versions/node/v14.7.0/bin/node /home/ideajeng/.nvm/versions/node/v14.7.0/bin/yarn add @adonisjs/mysql

PATH: 
  /home/ideajeng/.nvm/versions/node/v14.7.0/bin:/usr/local/sbin:/usr/local/bin:/usr/sbin:/usr/bin:/sbin:/bin:/usr/games:/usr/local/games:/mnt/c/Python38/Scripts/:/mnt/c/Python38/:/mnt/c/Program Files (x86)/Common Files/Oracle/Java/javapath:/mnt/c/WINDOWS/system32:/mnt/c/WINDOWS:/mnt/c/WINDOWS/System32/Wbem:/mnt/c/WINDOWS/System32/WindowsPowerShell/v1.0/:/mnt/c/WINDOWS/System32/OpenSSH/:/mnt/c/Program Files/nodejs/:/mnt/c/ProgramData/chocolatey/bin:/mnt/c/Program Files/Git/cmd:/mnt/c/Users/CAMT/AppData/Local/Microsoft/WindowsApps:/mnt/c/Users/CAMT/AppData/Local/atom/bin:/mnt/c/Users/CAMT/AppData/Local/Programs/Microsoft VS Code/bin:/mnt/c/Program Files/Java/jdk-14.0.1/bin:/mnt/c/Users/CAMT/AppData/Roaming/npm:/mnt/c/Users/CAMT/AppData/Local/Microsoft/WindowsApps

Yarn version: 
  1.22.5

Node version: 
  14.7.0

Platform: 
  linux x64

Trace: 
  Error: https://registry.yarnpkg.com/@adonisjs%2fmysql: Not found
      at Request.params.callback [as _callback] (/home/ideajeng/.nvm/versions/node/v14.7.0/lib/node_modules/yarn/lib/cli.js:66988:18)
      at Request.self.callback (/home/ideajeng/.nvm/versions/node/v14.7.0/lib/node_modules/yarn/lib/cli.js:140662:22)
      at Request.emit (events.js:314:20)
      at Request.<anonymous> (/home/ideajeng/.nvm/versions/node/v14.7.0/lib/node_modules/yarn/lib/cli.js:141634:10)
      at Request.emit (events.js:314:20)
      at IncomingMessage.<anonymous> (/home/ideajeng/.nvm/versions/node/v14.7.0/lib/node_modules/yarn/lib/cli.js:141556:12)
      at Object.onceWrapper (events.js:420:28)
      at IncomingMessage.emit (events.js:326:22)
      at endReadableNT (_stream_readable.js:1244:12)
      at processTicksAndRejections (internal/process/task_queues.js:80:21)

npm manifest: 
  {
    "name": "adonis-api-app",
    "version": "4.1.0",
    "adonis-version": "4.1.0",
    "description": "Adonisjs boilerplate for API server with pre-configured JWT",
    "main": "index.js",
    "scripts": {
      "start": "node server.js",
      "test": "node ace test"
    },
    "keywords": [
      "adonisjs",
      "adonis-app"
    ],
    "author": "",
    "license": "UNLICENSED",
    "private": true,
    "dependencies": {
      "@adonisjs/ace": "^5.0.8",
      "@adonisjs/auth": "^3.0.7",
      "@adonisjs/bodyparser": "^2.0.5",
      "@adonisjs/cors": "^1.0.7",
      "@adonisjs/fold": "^4.0.9",
      "@adonisjs/framework": "^5.0.9",
      "@adonisjs/ignitor": "^2.0.8",
      "@adonisjs/lucid": "^6.1.3",
      "@adonisjs/validator": "^5.0.6",
      "@adonisjs/vow": "^1.0.17",
      "mysql": "^2.18.1"
    },
    "devDependencies": {},
    "autoload": {
      "App": "./app"
    }
  }

yarn manifest: 
  No manifest

Lockfile: 
  No lockfile
